<?xml version="1.0" encoding="UTF-8"?>
<!-- Generated by org.testng.reporters.JUnitXMLReporter -->
<testsuite ignored="2" hostname="Rakesh" failures="0" tests="0" time="0.023" errors="0" timestamp="2024-12-26T15:11:13 IST">
  <testcase classname="parallel_Grouping.Practice_Testcase" name="login" time="0.0">
    <ignored/>
  </testcase> <!-- login -->
  <testcase classname="parallel_Grouping.Practice_Testcase" name="logout" time="0.0">
    <ignored/>
  </testcase> <!-- logout -->
</testsuite>
