<?xml version="1.0" encoding="UTF-8"?>
<!-- Generated by org.testng.reporters.JUnitXMLReporter -->
<testsuite ignored="1" hostname="Rakesh" failures="0" tests="2" name="Luma testcase" time="20.357" errors="0" timestamp="2024-12-26T15:11:33 IST">
  <testcase classname="example.TestNG_Practice" name="login" time="5.476"/>
  <testcase classname="example.TestNG_Practice" name="logout" time="2.555"/>
  <testcase classname="example.TestNG_Practice" name="register" time="0.0">
    <ignored/>
  </testcase> <!-- register -->
</testsuite> <!-- Luma testcase -->
