<?xml version="1.0" encoding="UTF-8"?>
<!-- Generated by org.testng.reporters.JUnitXMLReporter -->
<testsuite ignored="0" hostname="Rakesh" failures="0" tests="7" name="Test" time="141.163" errors="0" timestamp="2024-12-30T11:14:47 IST">
  <testcase classname="testcase_Package.TC_00_Register_Test" name="newUserRegister" time="13.835"/>
  <testcase classname="testcase_Package.TC_01_Login_Test" name="login_Test" time="2.318"/>
  <testcase classname="testcase_Package.TC_02_SearchHotel_Test" name="search_Hotel" time="5.774"/>
  <testcase classname="testcase_Package.TC_03_SelectAHotel_Test" name="selectHotel" time="8.313"/>
  <testcase classname="testcase_Package.TC_04_BookAHotel_Test" name="bookAHotel" time="8.715"/>
  <testcase classname="testcase_Package.TC_05_BookedItennary_Test" name="bookedItinerary" time="10.375"/>
  <testcase classname="testcase_Package.TC_06_Logout_Test" name="logout" time="2.77"/>
</testsuite> <!-- Test -->
