<?xml version="1.0" encoding="UTF-8"?>
<!-- Generated by org.testng.reporters.JUnitXMLReporter -->
<testsuite ignored="3" hostname="Rakesh" failures="0" tests="0" time="0.024" errors="0" timestamp="2024-12-26T15:07:30 IST">
  <testcase classname="example.Parameterization" name="register" time="0.0">
    <ignored/>
  </testcase> <!-- register -->
  <testcase classname="example.Parameterization" name="login" time="0.0">
    <ignored/>
  </testcase> <!-- login -->
  <testcase classname="example.Parameterization" name="logout" time="0.0">
    <ignored/>
  </testcase> <!-- logout -->
</testsuite>
